<?xml version="1.0" encoding="UTF-8"?>
<testng-results ignored="0" total="1" passed="1" failed="0" skipped="0">
  <reporter-output>
  </reporter-output>
  <suite started-at="2026-05-10T22:28:10 IST" name="Default Suite" finished-at="2026-05-10T22:29:38 IST" duration-ms="88473">
    <groups>
    </groups>
    <test started-at="2026-05-10T22:28:10 IST" name="Playwright_Project" finished-at="2026-05-10T22:29:38 IST" duration-ms="88473">
      <class name="test.HomePage">
        <test-method is-config="true" signature="setup()[pri:0, instance:test.HomePage@61df66b6]" started-at="2026-05-10T22:28:10 IST" name="setup" finished-at="2026-05-10T22:28:25 IST" duration-ms="15213" status="PASS">
          <reporter-output>
          </reporter-output>
        </test-method> <!-- setup -->
        <test-method signature="homePageTest()[pri:0, instance:test.HomePage@61df66b6]" started-at="2026-05-10T22:28:25 IST" name="homePageTest" finished-at="2026-05-10T22:29:37 IST" duration-ms="72657" status="PASS">
          <reporter-output>
          </reporter-output>
        </test-method> <!-- homePageTest -->
        <test-method is-config="true" signature="tearDown()[pri:0, instance:test.HomePage@61df66b6]" started-at="2026-05-10T22:29:37 IST" name="tearDown" finished-at="2026-05-10T22:29:38 IST" duration-ms="549" status="PASS">
          <reporter-output>
          </reporter-output>
        </test-method> <!-- tearDown -->
      </class> <!-- test.HomePage -->
    </test> <!-- Playwright_Project -->
  </suite> <!-- Default Suite -->
</testng-results>
